[INFO] 15-05-2025 10:48:28 [main] LogUtils - Start testing EzTrade_DatLenh
[WARN] 15-05-2025 10:48:28 [main] LogUtils - Driver is null, cannot set attribute.
[INFO] 15-05-2025 10:48:36 [main] LogUtils - TC1_HSX_Buy_LO test is starting...
[INFO] 15-05-2025 10:48:53 [main] LogUtils - TC1_HSX_Buy_LO test is passed.
[INFO] 15-05-2025 10:48:53 [main] LogUtils - TC2_HSX_Buy_ATO test is starting...
[INFO] 15-05-2025 10:49:02 [main] LogUtils - TC2_HSX_Buy_ATO test is passed.
[INFO] 15-05-2025 10:49:02 [main] LogUtils - TC3_HSX_Buy_MP test is starting...
[INFO] 15-05-2025 10:49:10 [main] LogUtils - TC3_HSX_Buy_MP test is passed.
[INFO] 15-05-2025 10:49:10 [main] LogUtils - TC4_HSX_Buy_ATC test is starting...
[INFO] 15-05-2025 10:49:18 [main] LogUtils - TC4_HSX_Buy_ATC test is passed.
[INFO] 15-05-2025 10:49:18 [main] LogUtils - TC5_HSX_Buy_LO_Ghi_GuiAll test is starting...
[INFO] 15-05-2025 10:49:23 [main] LogUtils - TC5_HSX_Buy_LO_Ghi_GuiAll test is passed.
[INFO] 15-05-2025 10:49:23 [main] LogUtils - TC6_HSX_Buy_ATO_Ghi_GuiAll test is starting...
[INFO] 15-05-2025 10:49:27 [main] LogUtils - TC6_HSX_Buy_ATO_Ghi_GuiAll test is passed.
[INFO] 15-05-2025 10:49:27 [main] LogUtils - TC7_HSX_Buy_MP_Ghi_GuiAll test is starting...
[INFO] 15-05-2025 10:49:32 [main] LogUtils - TC7_HSX_Buy_MP_Ghi_GuiAll test is passed.
[INFO] 15-05-2025 10:49:32 [main] LogUtils - TC8_HSX_Buy_ATC_Ghi_GuiAll test is starting...
[INFO] 15-05-2025 10:49:41 [main] LogUtils - TC8_HSX_Buy_ATC_Ghi_GuiAll test is passed.
[INFO] 15-05-2025 10:49:41 [main] LogUtils - TC9_HSX_Buy_LO_Ghi_GuiTungLenh test is starting...
[INFO] 15-05-2025 10:49:45 [main] LogUtils - TC9_HSX_Buy_LO_Ghi_GuiTungLenh test is passed.
[INFO] 15-05-2025 10:49:45 [main] LogUtils - TC10_HSX_Buy_ATO_Ghi_GuiTungLenh test is starting...
[INFO] 15-05-2025 10:49:48 [main] LogUtils - TC10_HSX_Buy_ATO_Ghi_GuiTungLenh test is passed.
[INFO] 15-05-2025 10:49:48 [main] LogUtils - TC11_HSX_Buy_MP_Ghi_GuiTungLenh test is starting...
[INFO] 15-05-2025 10:49:52 [main] LogUtils - TC11_HSX_Buy_MP_Ghi_GuiTungLenh test is passed.
[INFO] 15-05-2025 10:49:52 [main] LogUtils - TC12_HSX_Buy_ATC_Ghi_GuiTungLenh test is starting...
[INFO] 15-05-2025 10:49:56 [main] LogUtils - TC12_HSX_Buy_ATC_Ghi_GuiTungLenh test is passed.
[INFO] 15-05-2025 10:49:56 [main] LogUtils - TC13_HNX_LISTED_Buy_LO test is starting...
[INFO] 15-05-2025 10:50:04 [main] LogUtils - TC13_HNX_LISTED_Buy_LO test is passed.
[INFO] 15-05-2025 10:50:04 [main] LogUtils - TC14_HNX_LISTED_Buy_MP test is starting...
[INFO] 15-05-2025 10:50:12 [main] LogUtils - TC14_HNX_LISTED_Buy_MP test is passed.
[INFO] 15-05-2025 10:50:12 [main] LogUtils - TC15_HNX_LISTED_Buy_MTL test is starting...
[INFO] 15-05-2025 10:50:20 [main] LogUtils - TC15_HNX_LISTED_Buy_MTL test is passed.
[INFO] 15-05-2025 10:50:20 [main] LogUtils - TC16_HNX_LISTED_Buy_MAK test is starting...
[INFO] 15-05-2025 10:50:27 [main] LogUtils - TC16_HNX_LISTED_Buy_MAK test is passed.
[INFO] 15-05-2025 10:50:27 [main] LogUtils - TC17_HNX_LISTED_Buy_MOK test is starting...
[INFO] 15-05-2025 10:50:35 [main] LogUtils - TC17_HNX_LISTED_Buy_MOK test is passed.
[INFO] 15-05-2025 10:50:35 [main] LogUtils - TC18_HNX_LISTED_Buy_ATC test is starting...
[INFO] 15-05-2025 10:50:43 [main] LogUtils - TC18_HNX_LISTED_Buy_ATC test is passed.
[INFO] 15-05-2025 10:50:43 [main] LogUtils - TC19_HNX_LISTED_Buy_LO_GuiAll test is starting...
[INFO] 15-05-2025 10:50:48 [main] LogUtils - TC19_HNX_LISTED_Buy_LO_GuiAll test is passed.
[INFO] 15-05-2025 10:50:48 [main] LogUtils - TC20_HNX_LISTED_Buy_MP_GuiAll test is starting...
[INFO] 15-05-2025 10:50:53 [main] LogUtils - TC20_HNX_LISTED_Buy_MP_GuiAll test is passed.
[INFO] 15-05-2025 10:50:53 [main] LogUtils - TC21_HNX_LISTED_Buy_MTL_GuiALl test is starting...
[INFO] 15-05-2025 10:50:57 [main] LogUtils - TC21_HNX_LISTED_Buy_MTL_GuiALl test is passed.
[INFO] 15-05-2025 10:50:57 [main] LogUtils - TC22_HNX_LISTED_Buy_MAK_GuiAll test is starting...
[INFO] 15-05-2025 10:51:02 [main] LogUtils - TC22_HNX_LISTED_Buy_MAK_GuiAll test is passed.
[INFO] 15-05-2025 10:51:02 [main] LogUtils - TC23_HNX_LISTED_Buy_MOK_GuiAll test is starting...
[INFO] 15-05-2025 10:51:06 [main] LogUtils - TC23_HNX_LISTED_Buy_MOK_GuiAll test is passed.
[INFO] 15-05-2025 10:51:06 [main] LogUtils - TC24_HNX_LISTED_Buy_ATC_GuiAll test is starting...
[INFO] 15-05-2025 10:51:15 [main] LogUtils - TC24_HNX_LISTED_Buy_ATC_GuiAll test is passed.
[INFO] 15-05-2025 10:51:15 [main] LogUtils - TC25_HNX_LISTED_Buy_LO_GuiTungLenh test is starting...
[INFO] 15-05-2025 10:51:20 [main] LogUtils - TC25_HNX_LISTED_Buy_LO_GuiTungLenh test is passed.
[INFO] 15-05-2025 10:51:20 [main] LogUtils - TC26_HNX_LISTED_Buy_MP_GuiTungLenh test is starting...
[INFO] 15-05-2025 10:51:24 [main] LogUtils - TC26_HNX_LISTED_Buy_MP_GuiTungLenh test is passed.
[INFO] 15-05-2025 10:51:24 [main] LogUtils - TC27_HNX_LISTED_Buy_MTL_GuiTungLenh test is starting...
[INFO] 15-05-2025 10:51:27 [main] LogUtils - TC27_HNX_LISTED_Buy_MTL_GuiTungLenh test is passed.
[INFO] 15-05-2025 10:51:27 [main] LogUtils - TC28_HNX_LISTED_Buy_MAK_GuiTungLenh test is starting...
[INFO] 15-05-2025 10:51:31 [main] LogUtils - TC28_HNX_LISTED_Buy_MAK_GuiTungLenh test is passed.
[INFO] 15-05-2025 10:51:31 [main] LogUtils - TC29_HNX_LISTED_Buy_MOK_GuiTunglenh test is starting...
[INFO] 15-05-2025 10:51:35 [main] LogUtils - TC29_HNX_LISTED_Buy_MOK_GuiTunglenh test is passed.
[INFO] 15-05-2025 10:51:35 [main] LogUtils - TC30_HNX_LISTED_Buy_ATC_GuiTungLenh test is starting...
[INFO] 15-05-2025 10:51:39 [main] LogUtils - TC30_HNX_LISTED_Buy_ATC_GuiTungLenh test is passed.
[INFO] 15-05-2025 10:51:39 [main] LogUtils - TC31_HNX_UPCOM_Buy_LO test is starting...
[INFO] 15-05-2025 10:51:47 [main] LogUtils - TC31_HNX_UPCOM_Buy_LO test is passed.
[INFO] 15-05-2025 10:51:47 [main] LogUtils - TC32_HNX_UPCOM_Buy_LO_GuiAll test is starting...
[INFO] 15-05-2025 10:51:56 [main] LogUtils - TC32_HNX_UPCOM_Buy_LO_GuiAll test is passed.
[INFO] 15-05-2025 10:51:56 [main] LogUtils - TC33_HNX_UPCOM_Buy_LO_GuiTungLenh test is starting...
[INFO] 15-05-2025 10:52:00 [main] LogUtils - TC33_HNX_UPCOM_Buy_LO_GuiTungLenh test is passed.
[INFO] 15-05-2025 10:52:01 [main] LogUtils - End testing EzTrade_DatLenh
